c:\users\chripalm\desktop\luagame\lualib\debug\lualib.pdb
c:\users\chripalm\desktop\luagame\lualib\debug\lualib.idb
c:\users\chripalm\desktop\luagame\lualib\debug\lmathlib.obj
c:\users\chripalm\desktop\luagame\lualib\debug\lmem.obj
c:\users\chripalm\desktop\luagame\lualib\debug\loadlib.obj
c:\users\chripalm\desktop\luagame\lualib\debug\lobject.obj
c:\users\chripalm\desktop\luagame\lualib\debug\lopcodes.obj
c:\users\chripalm\desktop\luagame\lualib\debug\loslib.obj
c:\users\chripalm\desktop\luagame\lualib\debug\lparser.obj
c:\users\chripalm\desktop\luagame\lualib\debug\lstate.obj
c:\users\chripalm\desktop\luagame\lualib\debug\lstring.obj
c:\users\chripalm\desktop\luagame\lualib\debug\lstrlib.obj
c:\users\chripalm\desktop\luagame\lualib\debug\ltable.obj
c:\users\chripalm\desktop\luagame\lualib\debug\ltablib.obj
c:\users\chripalm\desktop\luagame\lualib\debug\ltm.obj
c:\users\chripalm\desktop\luagame\lualib\debug\lua.obj
c:\users\chripalm\desktop\luagame\lualib\debug\luac.obj
c:\users\chripalm\desktop\luagame\lualib\debug\lundump.obj
c:\users\chripalm\desktop\luagame\lualib\debug\lutf8lib.obj
c:\users\chripalm\desktop\luagame\lualib\debug\lvm.obj
c:\users\chripalm\desktop\luagame\lualib\debug\lzio.obj
c:\users\chripalm\desktop\luagame\lualib\debug\wmain.obj
c:\users\chripalm\desktop\luagame\lualib\debug\lapi.obj
c:\users\chripalm\desktop\luagame\lualib\debug\lauxlib.obj
c:\users\chripalm\desktop\luagame\lualib\debug\lbaselib.obj
c:\users\chripalm\desktop\luagame\lualib\debug\lbitlib.obj
c:\users\chripalm\desktop\luagame\lualib\debug\lcode.obj
c:\users\chripalm\desktop\luagame\lualib\debug\lcorolib.obj
c:\users\chripalm\desktop\luagame\lualib\debug\lctype.obj
c:\users\chripalm\desktop\luagame\lualib\debug\ldblib.obj
c:\users\chripalm\desktop\luagame\lualib\debug\ldebug.obj
c:\users\chripalm\desktop\luagame\lualib\debug\ldo.obj
c:\users\chripalm\desktop\luagame\lualib\debug\ldump.obj
c:\users\chripalm\desktop\luagame\lualib\debug\lfunc.obj
c:\users\chripalm\desktop\luagame\lualib\debug\lgc.obj
c:\users\chripalm\desktop\luagame\lualib\debug\linit.obj
c:\users\chripalm\desktop\luagame\lualib\debug\liolib.obj
c:\users\chripalm\desktop\luagame\lualib\debug\llex.obj
c:\users\chripalm\desktop\luagame\debug\lualib.lib
c:\users\chripalm\desktop\code\rpg\luagame\lualib\debug\lapi.obj
c:\users\chripalm\desktop\code\rpg\luagame\lualib\debug\lauxlib.obj
c:\users\chripalm\desktop\code\rpg\luagame\lualib\debug\lbaselib.obj
c:\users\chripalm\desktop\code\rpg\luagame\lualib\debug\lbitlib.obj
c:\users\chripalm\desktop\code\rpg\luagame\lualib\debug\lcode.obj
c:\users\chripalm\desktop\code\rpg\luagame\lualib\debug\lcorolib.obj
c:\users\chripalm\desktop\code\rpg\luagame\lualib\debug\lctype.obj
c:\users\chripalm\desktop\code\rpg\luagame\lualib\debug\ldblib.obj
c:\users\chripalm\desktop\code\rpg\luagame\lualib\debug\ldebug.obj
c:\users\chripalm\desktop\code\rpg\luagame\lualib\debug\ldo.obj
c:\users\chripalm\desktop\code\rpg\luagame\lualib\debug\ldump.obj
c:\users\chripalm\desktop\code\rpg\luagame\lualib\debug\lfunc.obj
c:\users\chripalm\desktop\code\rpg\luagame\lualib\debug\lgc.obj
c:\users\chripalm\desktop\code\rpg\luagame\lualib\debug\linit.obj
c:\users\chripalm\desktop\code\rpg\luagame\lualib\debug\liolib.obj
c:\users\chripalm\desktop\code\rpg\luagame\lualib\debug\llex.obj
c:\users\chripalm\desktop\code\rpg\luagame\lualib\debug\lmathlib.obj
c:\users\chripalm\desktop\code\rpg\luagame\lualib\debug\lmem.obj
c:\users\chripalm\desktop\code\rpg\luagame\lualib\debug\loadlib.obj
c:\users\chripalm\desktop\code\rpg\luagame\lualib\debug\lobject.obj
c:\users\chripalm\desktop\code\rpg\luagame\lualib\debug\lopcodes.obj
c:\users\chripalm\desktop\code\rpg\luagame\lualib\debug\loslib.obj
c:\users\chripalm\desktop\code\rpg\luagame\lualib\debug\lparser.obj
c:\users\chripalm\desktop\code\rpg\luagame\lualib\debug\lstate.obj
c:\users\chripalm\desktop\code\rpg\luagame\lualib\debug\lstring.obj
c:\users\chripalm\desktop\code\rpg\luagame\lualib\debug\lstrlib.obj
c:\users\chripalm\desktop\code\rpg\luagame\lualib\debug\ltable.obj
c:\users\chripalm\desktop\code\rpg\luagame\lualib\debug\ltablib.obj
c:\users\chripalm\desktop\code\rpg\luagame\lualib\debug\ltm.obj
c:\users\chripalm\desktop\code\rpg\luagame\lualib\debug\lua.obj
c:\users\chripalm\desktop\code\rpg\luagame\lualib\debug\luac.obj
c:\users\chripalm\desktop\code\rpg\luagame\lualib\debug\lundump.obj
c:\users\chripalm\desktop\code\rpg\luagame\lualib\debug\lutf8lib.obj
c:\users\chripalm\desktop\code\rpg\luagame\lualib\debug\lvm.obj
c:\users\chripalm\desktop\code\rpg\luagame\lualib\debug\lzio.obj
c:\users\chripalm\desktop\code\rpg\luagame\lualib\debug\wmain.obj
c:\users\chripalm\desktop\code\rpg\luagame\lualib\debug\lualib.idb
c:\users\chripalm\desktop\code\rpg\luagame\lualib\debug\lualib.pdb
c:\users\chripalm\desktop\code\rpg\luagame\debug\lualib.pdb
c:\users\chripalm\desktop\code\rpg\luagame\debug\lualib.lib
c:\users\chripalm\desktop\code\rpg\luagame\lualib\debug\lualib.tlog\cl.command.1.tlog
c:\users\chripalm\desktop\code\rpg\luagame\lualib\debug\lualib.tlog\cl.read.1.tlog
c:\users\chripalm\desktop\code\rpg\luagame\lualib\debug\lualib.tlog\cl.write.1.tlog
c:\users\chripalm\desktop\code\rpg\luagame\lualib\debug\lualib.tlog\lib-link.read.1.tlog
c:\users\chripalm\desktop\code\rpg\luagame\lualib\debug\lualib.tlog\lib-link.write.1.tlog
c:\users\chripalm\desktop\code\rpg\luagame\lualib\debug\lualib.tlog\lib.command.1.tlog
