c:\users\chripalm\desktop\luagame\luagame\debug\vc140.pdb
c:\users\chripalm\desktop\luagame\luagame\debug\vc140.idb
c:\users\chripalm\desktop\luagame\luagame\debug\luagame.obj
c:\users\chripalm\desktop\luagame\luagame\debug\luawrapper.obj
c:\users\chripalm\desktop\luagame\debug\luagame.ilk
c:\users\chripalm\desktop\luagame\debug\luagame.exe
c:\users\chripalm\desktop\luagame\debug\luagame.pdb
c:\users\chripalm\desktop\code\rpg\luagame\luagame\debug\luagame.obj
c:\users\chripalm\desktop\code\rpg\luagame\luagame\debug\luawrapper.obj
c:\users\chripalm\desktop\code\rpg\luagame\luagame\debug\vc140.idb
c:\users\chripalm\desktop\code\rpg\luagame\luagame\debug\vc140.pdb
c:\users\chripalm\desktop\code\rpg\luagame\debug\luagame.pdb
c:\users\chripalm\desktop\code\rpg\luagame\debug\luagame.exe
c:\users\chripalm\desktop\code\rpg\luagame\debug\luagame.ilk
c:\users\chripalm\desktop\code\rpg\luagame\luagame\debug\luagame.tlog\cl.command.1.tlog
c:\users\chripalm\desktop\code\rpg\luagame\luagame\debug\luagame.tlog\cl.read.1.tlog
c:\users\chripalm\desktop\code\rpg\luagame\luagame\debug\luagame.tlog\cl.write.1.tlog
c:\users\chripalm\desktop\code\rpg\luagame\luagame\debug\luagame.tlog\link.command.1.tlog
c:\users\chripalm\desktop\code\rpg\luagame\luagame\debug\luagame.tlog\link.read.1.tlog
c:\users\chripalm\desktop\code\rpg\luagame\luagame\debug\luagame.tlog\link.write.1.tlog
